2019-02-23 11;34:02.465[main] DEBUG com.house.dao.ReserveDao.queryReserveList - ==>  Preparing: select r.reserve_id, r.create_time, r.reserve_addr, r.reserve_des, r.reserve_phone, r.reserve_meg, u.user_id, u.user_name,s.servicer_name,s.servicer_id, r.enable_status from tb_reserve r,tb_user u,tb_servicer s WHERE r.servicer_id=s.servicer_id and r.user_id=u.user_id and r.user_id=? -- and u.user_id=? order by create_time desc 
2019-02-23 11;36:01.950[main] DEBUG com.house.dao.ReserveDao.queryReserveList - ==>  Preparing: select r.reserve_id, r.create_time, r.reserve_addr, r.reserve_des, r.reserve_phone, r.reserve_meg, u.user_id, u.user_name,s.servicer_name,s.servicer_id, r.enable_status from tb_reserve r,tb_user u,tb_servicer s WHERE r.servicer_id=s.servicer_id and r.user_id=u.user_id and r.user_id=? -- and u.user_id=? order by create_time desc 
2019-02-23 11;37:41.704[main] DEBUG com.house.dao.ReserveDao.queryReserveList - ==>  Preparing: select r.reserve_id, r.create_time, r.reserve_addr, r.reserve_des, r.reserve_phone, r.reserve_meg, u.user_id, u.user_name,s.servicer_name,s.servicer_id, r.enable_status from tb_reserve r,tb_user u,tb_servicer s WHERE r.servicer_id=s.servicer_id and r.user_id=u.user_id and r.user_id=? -- and u.user_id=? order by create_time desc 
2019-02-23 11;39:45.100[main] DEBUG com.house.dao.ReserveDao.queryReserveList - ==>  Preparing: select r.reserve_id, r.create_time, r.reserve_addr, r.reserve_des, r.reserve_phone, r.reserve_meg, u.user_id, u.user_name,s.servicer_name,s.servicer_id, r.enablestatus from tb_reserve r,tb_user u,tb_servicer s WHERE r.servicer_id=s.servicer_id and r.user_id=u.user_id and r.user_id=? -- and u.user_id=? order by create_time desc 
2019-02-23 11;41:30.652[main] DEBUG com.house.dao.ReserveDao.queryReserveList - ==>  Preparing: select r.reserve_id, r.create_time, r.reserve_addr, r.reserve_des, r.reserve_phone, r.reserve_meg, u.user_id, u.user_name,s.servicer_name,s.servicer_id, r.enable_status from tb_reserve r,tb_user u,tb_servicer s WHERE r.servicer_id=s.servicer_id and r.user_id=u.user_id order by create_time desc 
2019-02-23 11;41:30.714[main] DEBUG com.house.dao.ReserveDao.queryReserveList - ==> Parameters: 
2019-02-23 11;41:30.824[main] DEBUG com.house.dao.ReserveDao.queryReserveList - <==      Total: 3
2019-02-23 11;41:54.511[main] DEBUG com.house.dao.ReserveDao.queryReserveList - ==>  Preparing: select r.reserve_id, r.create_time, r.reserve_addr, r.reserve_des, r.reserve_phone, r.reserve_meg, u.user_id, u.user_name,s.servicer_name,s.servicer_id, r.enablestatus from tb_reserve r,tb_user u,tb_servicer s WHERE r.servicer_id=s.servicer_id and r.user_id=u.user_id order by create_time desc 
2019-02-23 11;41:54.558[main] DEBUG com.house.dao.ReserveDao.queryReserveList - ==> Parameters: 
2019-02-23 11;44:41.107[main] DEBUG com.house.dao.ReserveDao.queryReserveList - ==>  Preparing: select r.reserve_id, r.create_time, r.reserve_addr, r.reserve_des, r.reserve_phone, r.reserve_meg, u.user_id, u.user_name,s.servicer_name,s.servicer_id, r.enable_status from tb_reserve r,tb_user u,tb_servicer s WHERE r.servicer_id=s.servicer_id and r.user_id=u.user_id and r.user_id=? -- and u.user_id=? order by create_time desc 
2019-02-23 11;46:06.428[main] DEBUG com.house.dao.ReserveDao.queryReserveList - ==>  Preparing: select r.reserve_id, r.create_time, r.reserve_addr, r.reserve_des, r.reserve_phone, r.reserve_meg, u.user_id, u.user_name,s.servicer_name,s.servicer_id, r.enable_status from tb_reserve r,tb_user u,tb_servicer s WHERE r.user_id=? and u.user_id=? and r.servicer_id=s.servicer_id order by create_time desc 
2019-02-23 11;46:06.475[main] DEBUG com.house.dao.ReserveDao.queryReserveList - ==> Parameters: 1(Long), 1(Long)
2019-02-23 11;46:06.521[main] DEBUG com.house.dao.ReserveDao.queryReserveList - <==      Total: 2
2019-02-23 11;46:40.544[main] DEBUG com.house.dao.ReserveDao.queryReserveList - ==>  Preparing: select r.reserve_id, r.create_time, r.reserve_addr, r.reserve_des, r.reserve_phone, r.reserve_meg, u.user_id, u.user_name,s.servicer_name,s.servicer_id, r.enable_status from tb_reserve r,tb_user u,tb_servicer s WHERE r.servicer_id=s.servicer_id and r.user_id=u.user_id and r.user_id=? and u.user_id=? order by create_time desc 
2019-02-23 11;46:40.591[main] DEBUG com.house.dao.ReserveDao.queryReserveList - ==> Parameters: 1(Long), 1(Long)
2019-02-23 11;46:40.638[main] DEBUG com.house.dao.ReserveDao.queryReserveList - <==      Total: 2
2019-02-23 11;46:59.125[main] DEBUG com.house.dao.ReserveDao.queryReserveList - ==>  Preparing: select r.reserve_id, r.create_time, r.reserve_addr, r.reserve_des, r.reserve_phone, r.reserve_meg, u.user_id, u.user_name,s.servicer_name,s.servicer_id, r.enable_status from tb_reserve r,tb_user u,tb_servicer s WHERE r.servicer_id=s.servicer_id and r.user_id=u.user_id and r.user_id=? and u.user_id=? order by create_time desc 
2019-02-23 11;46:59.172[main] DEBUG com.house.dao.ReserveDao.queryReserveList - ==> Parameters: 1(Long), 1(Long)
2019-02-23 11;46:59.219[main] DEBUG com.house.dao.ReserveDao.queryReserveList - <==      Total: 2
2019-02-23 11;48:00.692[main] DEBUG com.house.dao.ReserveDao.queryReserveList - ==>  Preparing: select r.reserve_id, r.create_time, r.reserve_addr, r.reserve_des, r.reserve_phone, r.reserve_meg, u.user_id, u.user_name,s.servicer_name,s.servicer_id, r.enable_status from tb_reserve r,tb_user u,tb_servicer s WHERE r.servicer_id=s.servicer_id and r.user_id=u.user_id and r.user_id=? -- and u.user_id=? order by create_time desc 
2019-02-23 11;49:37.168[main] DEBUG com.house.dao.ReserveDao.queryReserveList - ==>  Preparing: select r.reserve_id, r.create_time, r.reserve_addr, r.reserve_des, r.reserve_phone, r.reserve_meg, u.user_id, u.user_name,s.servicer_name,s.servicer_id, r.enable_status from tb_reserve r,tb_user u,tb_servicer s WHERE r.servicer_id=s.servicer_id and r.user_id=u.user_id and r.user_id=? -- and u.user_id=? order by create_time desc 
2019-02-23 11;50:05.481[main] DEBUG com.house.dao.ReserveDao.queryReserveList - ==>  Preparing: select r.reserve_id, r.create_time, r.reserve_addr, r.reserve_des, r.reserve_phone, r.reserve_meg, u.user_id, u.user_name,s.servicer_name,s.servicer_id, r.enable_status from tb_reserve r,tb_user u,tb_servicer s WHERE -- and r.servicer_id=s.servicer_id -- and r.user_id=u.user_id and r.user_id=? and u.user_id=? order by create_time desc 
2019-02-23 11;50:05.528[main] DEBUG com.house.dao.ReserveDao.queryReserveList - ==> Parameters: 1(Long), 1(Long)
2019-02-23 11;51:08.746[main] DEBUG com.house.dao.ReserveDao.queryReserveList - ==>  Preparing: select r.reserve_id, r.create_time, r.reserve_addr, r.reserve_des, r.reserve_phone, r.reserve_meg, u.user_id, u.user_name,s.servicer_name,s.servicer_id, r.enable_status from tb_reserve r,tb_user u,tb_servicer s WHERE -- and r.servicer_id=s.servicer_id -- and r.user_id=u.user_id and r.user_id=? and u.user_id=? order by create_time desc 
2019-02-23 11;51:08.808[main] DEBUG com.house.dao.ReserveDao.queryReserveList - ==> Parameters: 1(Long), 1(Long)
2019-02-23 11;51:44.307[main] DEBUG com.house.dao.ReserveDao.queryReserveList - ==>  Preparing: select r.reserve_id, r.create_time, r.reserve_addr, r.reserve_des, r.reserve_phone, r.reserve_meg, u.user_id, u.user_name,s.servicer_name,s.servicer_id, r.enable_status from tb_reserve r,tb_user u,tb_servicer s WHERE r.user_id=? and u.user_id=? and r.servicer_id=s.servicer_id order by create_time desc 
2019-02-23 11;51:44.369[main] DEBUG com.house.dao.ReserveDao.queryReserveList - ==> Parameters: 1(Long), 1(Long)
2019-02-23 11;51:44.401[main] DEBUG com.house.dao.ReserveDao.queryReserveList - <==      Total: 2
2019-02-23 11;52:08.190[main] DEBUG com.house.dao.ReserveDao.queryReserveList - ==>  Preparing: select r.reserve_id, r.create_time, r.reserve_addr, r.reserve_des, r.reserve_phone, r.reserve_meg, u.user_id, u.user_name,s.servicer_name,s.servicer_id, r.enable_status from tb_reserve r,tb_user u,tb_servicer s WHERE r.user_id=? and u.user_id=? and r.servicer_id=s.servicer_id order by create_time desc 
2019-02-23 11;52:08.534[main] DEBUG com.house.dao.ReserveDao.queryReserveList - ==> Parameters: 1(Long), 1(Long)
2019-02-23 11;52:08.795[main] DEBUG com.house.dao.ReserveDao.queryReserveList - <==      Total: 2
2019-02-23 11;53:08.019[main] DEBUG com.house.dao.ReserveDao.queryReserveList - ==>  Preparing: select r.reserve_id, r.create_time, r.reserve_addr, r.reserve_des, r.reserve_phone, r.reserve_meg, u.user_id, u.user_name,s.servicer_name,s.servicer_id, r.enable_status from tb_reserve r,tb_user u,tb_servicer s WHERE r.servicer_id=? and s.servicer_id=? and r.user_id=u.user_id order by create_time desc 
2019-02-23 11;53:08.097[main] DEBUG com.house.dao.ReserveDao.queryReserveList - ==> Parameters: 4(Long), 4(Long)
2019-02-23 11;53:08.300[main] DEBUG com.house.dao.ReserveDao.queryReserveList - <==      Total: 2
2019-02-23 11;53:15.834[main] DEBUG com.house.dao.ReserveDao.queryReserveList - ==>  Preparing: select r.reserve_id, r.create_time, r.reserve_addr, r.reserve_des, r.reserve_phone, r.reserve_meg, u.user_id, u.user_name,s.servicer_name,s.servicer_id, r.enable_status from tb_reserve r,tb_user u,tb_servicer s WHERE r.servicer_id=? and s.servicer_id=? and r.user_id=u.user_id order by create_time desc 
2019-02-23 11;53:15.912[main] DEBUG com.house.dao.ReserveDao.queryReserveList - ==> Parameters: 4(Long), 4(Long)
2019-02-23 11;53:15.974[main] DEBUG com.house.dao.ReserveDao.queryReserveList - <==      Total: 2
2019-02-23 11;53:24.537[main] DEBUG com.house.dao.ReserveDao.queryReserveList - ==>  Preparing: select r.reserve_id, r.create_time, r.reserve_addr, r.reserve_des, r.reserve_phone, r.reserve_meg, u.user_id, u.user_name,s.servicer_name,s.servicer_id, r.enable_status from tb_reserve r,tb_user u,tb_servicer s WHERE r.servicer_id=? and s.servicer_id=? and r.user_id=u.user_id order by create_time desc 
2019-02-23 11;53:24.647[main] DEBUG com.house.dao.ReserveDao.queryReserveList - ==> Parameters: 4(Long), 4(Long)
2019-02-23 11;53:24.709[main] DEBUG com.house.dao.ReserveDao.queryReserveList - <==      Total: 2
2019-02-23 11;53:37.168[main] DEBUG com.house.dao.ReserveDao.queryReserveList - ==>  Preparing: select r.reserve_id, r.create_time, r.reserve_addr, r.reserve_des, r.reserve_phone, r.reserve_meg, u.user_id, u.user_name,s.servicer_name,s.servicer_id, r.enable_status from tb_reserve r,tb_user u,tb_servicer s WHERE r.servicer_id=? and s.servicer_id=? and r.user_id=u.user_id order by create_time desc 
2019-02-23 11;53:37.215[main] DEBUG com.house.dao.ReserveDao.queryReserveList - ==> Parameters: 4(Long), 4(Long)
2019-02-23 11;53:37.261[main] DEBUG com.house.dao.ReserveDao.queryReserveList - <==      Total: 2
2019-02-23 11;54:14.465[main] DEBUG com.house.dao.ReserveDao.queryReserveList - ==>  Preparing: select r.reserve_id, r.create_time, r.reserve_addr, r.reserve_des, r.reserve_phone, r.reserve_meg, u.user_id, u.user_name,s.servicer_name,s.servicer_id, r.enable_status from tb_reserve r,tb_user u,tb_servicer s WHERE r.servicer_id=? and s.servicer_id=? -- and r.user_id=u.user_id order by create_time desc 
2019-02-23 11;54:14.528[main] DEBUG com.house.dao.ReserveDao.queryReserveList - ==> Parameters: 4(Long), 4(Long)
2019-02-23 11;54:14.559[main] DEBUG com.house.dao.ReserveDao.queryReserveList - <==      Total: 4
2019-02-23 11;55:02.546[main] DEBUG com.house.dao.ReserveDao.queryReserveList - ==>  Preparing: select r.reserve_id, r.create_time, r.reserve_addr, r.reserve_des, r.reserve_phone, r.reserve_meg, u.user_id, u.user_name,s.servicer_name,s.servicer_id, r.enable_status from tb_reserve r,tb_user u,tb_servicer s WHERE r.servicer_id=? and s.servicer_id=? -- and r.user_id=u.user_id order by create_time desc 
2019-02-23 11;55:02.624[main] DEBUG com.house.dao.ReserveDao.queryReserveList - ==> Parameters: 4(Long), 4(Long)
2019-02-23 11;55:02.671[main] DEBUG com.house.dao.ReserveDao.queryReserveList - <==      Total: 4
2019-02-23 11;55:52.340[main] DEBUG com.house.dao.ReserveDao.queryReserveList - ==>  Preparing: select r.reserve_id, r.create_time, r.reserve_addr, r.reserve_des, r.reserve_phone, r.reserve_meg, u.user_id, u.user_name,s.servicer_name,s.servicer_id, r.enable_status from tb_reserve r,tb_user u,tb_servicer s WHERE r.servicer_id=? and s.servicer_id=? -- and r.user_id=u.user_id order by create_time desc 
2019-02-23 11;55:52.418[main] DEBUG com.house.dao.ReserveDao.queryReserveList - ==> Parameters: 4(Long), 4(Long)
2019-02-23 11;55:52.465[main] DEBUG com.house.dao.ReserveDao.queryReserveList - <==      Total: 4
2019-02-23 11;56:05.472[main] DEBUG com.house.dao.ReserveDao.queryReserveList - ==>  Preparing: select r.reserve_id, r.create_time, r.reserve_addr, r.reserve_des, r.reserve_phone, r.reserve_meg, u.user_id, u.user_name,s.servicer_name,s.servicer_id, r.enable_status from tb_reserve r,tb_user u,tb_servicer s WHERE r.servicer_id=? and s.servicer_id=? -- and r.user_id=u.user_id order by create_time desc 
2019-02-23 11;56:05.535[main] DEBUG com.house.dao.ReserveDao.queryReserveList - ==> Parameters: 4(Long), 4(Long)
2019-02-23 11;56:05.582[main] DEBUG com.house.dao.ReserveDao.queryReserveList - <==      Total: 4
2019-02-23 11;56:16.650[main] DEBUG com.house.dao.ReserveDao.queryReserveList - ==>  Preparing: select r.reserve_id, r.create_time, r.reserve_addr, r.reserve_des, r.reserve_phone, r.reserve_meg, u.user_id, u.user_name,s.servicer_name,s.servicer_id, r.enable_status from tb_reserve r,tb_user u,tb_servicer s WHERE r.servicer_id=? and s.servicer_id=? -- and r.user_id=u.user_id order by create_time desc 
2019-02-23 11;56:16.713[main] DEBUG com.house.dao.ReserveDao.queryReserveList - ==> Parameters: 4(Long), 4(Long)
2019-02-23 11;56:16.760[main] DEBUG com.house.dao.ReserveDao.queryReserveList - <==      Total: 4
2019-02-23 11;56:48.262[main] DEBUG com.house.dao.ReserveDao.queryReserveList - ==>  Preparing: select r.reserve_id, r.create_time, r.reserve_addr, r.reserve_des, r.reserve_phone, r.reserve_meg, u.user_id, u.user_name,s.servicer_name,s.servicer_id, r.enable_status from tb_reserve r,tb_user u,tb_servicer s WHERE r.servicer_id=? and s.servicer_id=? -- and r.user_id=u.user_id order by create_time desc 
2019-02-23 11;56:48.325[main] DEBUG com.house.dao.ReserveDao.queryReserveList - ==> Parameters: 4(Long), 4(Long)
2019-02-23 11;56:48.372[main] DEBUG com.house.dao.ReserveDao.queryReserveList - <==      Total: 4
2019-02-23 11;59:52.209[main] DEBUG com.house.dao.ReserveDao.queryReserveList - ==>  Preparing: select r.reserve_id, r.create_time, r.reserve_addr, r.reserve_des, r.reserve_phone, r.reserve_meg, u.user_id, u.user_name,s.servicer_name,s.servicer_id, r.enable_status from tb_reserve r,tb_user u,tb_servicer s WHERE r.servicer_id=s.servicer_id and r.user_id=u.user_id and r.servicer_id=? and s.servicer_id=? order by create_time desc 
2019-02-23 11;59:52.256[main] DEBUG com.house.dao.ReserveDao.queryReserveList - ==> Parameters: 4(Long), 4(Long)
2019-02-23 11;59:52.287[main] DEBUG com.house.dao.ReserveDao.queryReserveList - <==      Total: 2
2019-02-23 12;01:46.355[main] DEBUG com.house.dao.ReserveDao.querySingleReserve - ==>  Preparing: select r.reserve_id, r.create_time, r.reserve_addr, r.reserve_des, r.reserve_phone, r.reserve_meg, u.user_id, u.user_name,s.servicer_name,s.servicer_id, r.enable_status from tb_reserve r,tb_user u,tb_servicer s WHERE r.servicer_id=s.servicer_id and r.user_id=u.user_id and r.reserve_id=? 
2019-02-23 12;01:46.417[main] DEBUG com.house.dao.ReserveDao.querySingleReserve - ==> Parameters: 1(Long)
2019-02-23 12;01:46.458[main] DEBUG com.house.dao.ReserveDao.querySingleReserve - <==      Total: 1
